<?xml version="1.0" encoding="UTF-8"?>
<!-- Generated by org.testng.reporters.JUnitReportReporter -->
<testsuite skipped="0" hostname="LKCONSPATHIRA02" name="com.automation.cicd.TestClass" tests="3" failures="0" timestamp="2020-05-23T12:31:14 IST" time="27.896" errors="0">
  <testcase name="Test1" time="9.141" classname="com.automation.cicd.TestClass"/>
  <system-out/>
  <testcase name="Test3" time="7.983" classname="com.automation.cicd.TestClass"/>
  <system-out/>
  <testcase name="Test2" time="10.772" classname="com.automation.cicd.TestClass"/>
  <system-out/>
</testsuite> <!-- com.automation.cicd.TestClass -->
