<?xml version="1.0" encoding="UTF-8"?>
<!-- Generated by org.testng.reporters.JUnitReportReporter -->
<testsuite skipped="0" hostname="LKCONSPATHIRA02" name="com.automation.cicd.TestClass" tests="3" failures="0" timestamp="2020-05-23T12:33:35 IST" time="25.953" errors="0">
  <testcase name="Test2" time="10.492" classname="com.automation.cicd.TestClass"/>
  <system-out/>
  <testcase name="Test1" time="8.284" classname="com.automation.cicd.TestClass"/>
  <system-out/>
  <testcase name="Test3" time="7.177" classname="com.automation.cicd.TestClass"/>
  <system-out/>
</testsuite> <!-- com.automation.cicd.TestClass -->
